<?xml version="1.0" encoding="UTF-8"?>
<robot generator="Robot 3.2.1 (Python 3.8.3 on win32)" generated="20200526 17:22:00.223" rpa="false">
<suite id="s1" name="TestSuite1" source="D:\MyJava\RobotProject1\test\TestSuite1.robot">
<kw name="Log" library="BuiltIn" type="setup">
<doc>Logs the given message with the given level.</doc>
<arguments>
<arg>I am inside Test Suite Setup</arg>
</arguments>
<msg timestamp="20200526 17:22:00.776" level="INFO">I am inside Test Suite Setup</msg>
<status status="PASS" starttime="20200526 17:22:00.776" endtime="20200526 17:22:00.776"></status>
</kw>
<test id="s1-t1" name="MyFirstTest">
<kw name="Log" library="BuiltIn" type="setup">
<doc>Logs the given message with the given level.</doc>
<arguments>
<arg>I am inside Test Setup</arg>
</arguments>
<msg timestamp="20200526 17:22:00.779" level="INFO">I am inside Test Setup</msg>
<status status="PASS" starttime="20200526 17:22:00.778" endtime="20200526 17:22:00.779"></status>
</kw>
<kw name="Log" library="BuiltIn">
<doc>Logs the given message with the given level.</doc>
<arguments>
<arg>Hello World..</arg>
</arguments>
<msg timestamp="20200526 17:22:00.781" level="INFO">Hello World..</msg>
<status status="PASS" starttime="20200526 17:22:00.780" endtime="20200526 17:22:00.781"></status>
</kw>
<kw name="Log" library="BuiltIn" type="teardown">
<doc>Logs the given message with the given level.</doc>
<arguments>
<arg>I am inside Test Teardown</arg>
</arguments>
<msg timestamp="20200526 17:22:00.782" level="INFO">I am inside Test Teardown</msg>
<status status="PASS" starttime="20200526 17:22:00.782" endtime="20200526 17:22:00.783"></status>
</kw>
<tags>
<tag>Smoke</tag>
</tags>
<status status="PASS" starttime="20200526 17:22:00.777" endtime="20200526 17:22:00.783" critical="yes"></status>
</test>
<test id="s1-t2" name="MySecondTest">
<kw name="Log" library="BuiltIn" type="setup">
<doc>Logs the given message with the given level.</doc>
<arguments>
<arg>I am inside Test Setup</arg>
</arguments>
<msg timestamp="20200526 17:22:00.787" level="INFO">I am inside Test Setup</msg>
<status status="PASS" starttime="20200526 17:22:00.787" endtime="20200526 17:22:00.787"></status>
</kw>
<kw name="Log" library="BuiltIn">
<doc>Logs the given message with the given level.</doc>
<arguments>
<arg>I am inside 2nd test</arg>
</arguments>
<msg timestamp="20200526 17:22:00.791" level="INFO">I am inside 2nd test</msg>
<status status="PASS" starttime="20200526 17:22:00.790" endtime="20200526 17:22:00.791"></status>
</kw>
<kw name="Set Tags" library="BuiltIn">
<doc>Adds given ``tags`` for the current test or all tests in a suite.</doc>
<arguments>
<arg>regression1</arg>
</arguments>
<msg timestamp="20200526 17:22:00.793" level="INFO">Set tag 'regression1'.</msg>
<status status="PASS" starttime="20200526 17:22:00.792" endtime="20200526 17:22:00.793"></status>
</kw>
<kw name="Remove Tags" library="BuiltIn">
<doc>Removes given ``tags`` from the current test or all tests in a suite.</doc>
<arguments>
<arg>regression1</arg>
</arguments>
<msg timestamp="20200526 17:22:00.795" level="INFO">Removed tag 'regression1'.</msg>
<status status="PASS" starttime="20200526 17:22:00.794" endtime="20200526 17:22:00.796"></status>
</kw>
<kw name="Log" library="BuiltIn" type="teardown">
<doc>Logs the given message with the given level.</doc>
<arguments>
<arg>I am inside Test Teardown</arg>
</arguments>
<msg timestamp="20200526 17:22:00.797" level="INFO">I am inside Test Teardown</msg>
<status status="PASS" starttime="20200526 17:22:00.797" endtime="20200526 17:22:00.797"></status>
</kw>
<tags>
<tag>sanity</tag>
</tags>
<status status="PASS" starttime="20200526 17:22:00.785" endtime="20200526 17:22:00.798" critical="yes"></status>
</test>
<test id="s1-t3" name="MyThirdTest">
<kw name="Log" library="BuiltIn" type="setup">
<doc>Logs the given message with the given level.</doc>
<arguments>
<arg>I am inside Test Setup</arg>
</arguments>
<msg timestamp="20200526 17:22:00.803" level="INFO">I am inside Test Setup</msg>
<status status="PASS" starttime="20200526 17:22:00.803" endtime="20200526 17:22:00.803"></status>
</kw>
<kw name="Log" library="BuiltIn">
<doc>Logs the given message with the given level.</doc>
<arguments>
<arg>I am inside 3rd test</arg>
</arguments>
<msg timestamp="20200526 17:22:00.805" level="INFO">I am inside 3rd test</msg>
<status status="PASS" starttime="20200526 17:22:00.804" endtime="20200526 17:22:00.805"></status>
</kw>
<kw name="Log" library="BuiltIn" type="teardown">
<doc>Logs the given message with the given level.</doc>
<arguments>
<arg>I am inside Test Teardown</arg>
</arguments>
<msg timestamp="20200526 17:22:00.807" level="INFO">I am inside Test Teardown</msg>
<status status="PASS" starttime="20200526 17:22:00.806" endtime="20200526 17:22:00.807"></status>
</kw>
<tags>
<tag>sanity</tag>
</tags>
<status status="PASS" starttime="20200526 17:22:00.801" endtime="20200526 17:22:00.808" critical="yes"></status>
</test>
<test id="s1-t4" name="FirstSeleniumTest">
<kw name="Log" library="BuiltIn" type="setup">
<doc>Logs the given message with the given level.</doc>
<arguments>
<arg>I am inside Test Setup</arg>
</arguments>
<msg timestamp="20200526 17:22:00.811" level="INFO">I am inside Test Setup</msg>
<status status="PASS" starttime="20200526 17:22:00.811" endtime="20200526 17:22:00.811"></status>
</kw>
<kw name="Open Browser" library="SeleniumLibrary">
<doc>Opens a new browser instance to the optional ``url``.</doc>
<arguments>
<arg>https://google.com</arg>
<arg>Chrome</arg>
</arguments>
<msg timestamp="20200526 17:22:00.813" level="INFO">Opening browser 'Chrome' to base url 'https://google.com'.</msg>
<status status="PASS" starttime="20200526 17:22:00.812" endtime="20200526 17:22:10.225"></status>
</kw>
<kw name="Set Browser Implicit Wait" library="SeleniumLibrary">
<doc>Sets the implicit wait value used by Selenium.</doc>
<arguments>
<arg>5</arg>
</arguments>
<status status="PASS" starttime="20200526 17:22:10.227" endtime="20200526 17:22:10.229"></status>
</kw>
<kw name="Input Text" library="SeleniumLibrary">
<doc>Types the given ``text`` into the text field identified by ``locator``.</doc>
<arguments>
<arg>name=q</arg>
<arg>Automation step by step</arg>
</arguments>
<msg timestamp="20200526 17:22:10.230" level="INFO">Typing text 'Automation step by step' into text field 'name=q'.</msg>
<status status="PASS" starttime="20200526 17:22:10.230" endtime="20200526 17:22:10.632"></status>
</kw>
<kw name="Press Keys" library="SeleniumLibrary">
<doc>Simulates the user pressing key(s) to an element or on the active browser.</doc>
<arguments>
<arg>name=q</arg>
<arg>ENTER</arg>
</arguments>
<msg timestamp="20200526 17:22:10.635" level="INFO">Sending key(s) ('ENTER',) to name=q element.</msg>
<msg timestamp="20200526 17:22:10.958" level="INFO">Pressing special key ENTER to element.</msg>
<msg timestamp="20200526 17:22:10.958" level="INFO">Releasing special key ENTER.</msg>
<status status="PASS" starttime="20200526 17:22:10.634" endtime="20200526 17:22:20.089"></status>
</kw>
<kw name="Sleep" library="BuiltIn">
<doc>Pauses the test executed for the given time.</doc>
<arguments>
<arg>2</arg>
</arguments>
<msg timestamp="20200526 17:22:22.091" level="INFO">Slept 2 seconds</msg>
<status status="PASS" starttime="20200526 17:22:20.090" endtime="20200526 17:22:22.092"></status>
</kw>
<kw name="Close Browser" library="SeleniumLibrary">
<doc>Closes the current browser.</doc>
<status status="PASS" starttime="20200526 17:22:22.093" endtime="20200526 17:22:24.661"></status>
</kw>
<kw name="Log" library="BuiltIn">
<doc>Logs the given message with the given level.</doc>
<arguments>
<arg>Test Completed</arg>
</arguments>
<msg timestamp="20200526 17:22:24.663" level="INFO">Test Completed</msg>
<status status="PASS" starttime="20200526 17:22:24.663" endtime="20200526 17:22:24.664"></status>
</kw>
<kw name="Log" library="BuiltIn" type="teardown">
<doc>Logs the given message with the given level.</doc>
<arguments>
<arg>I am inside Test Teardown</arg>
</arguments>
<msg timestamp="20200526 17:22:24.667" level="INFO">I am inside Test Teardown</msg>
<status status="PASS" starttime="20200526 17:22:24.666" endtime="20200526 17:22:24.667"></status>
</kw>
<tags>
<tag>sanity</tag>
</tags>
<status status="PASS" starttime="20200526 17:22:00.809" endtime="20200526 17:22:24.669" critical="yes"></status>
</test>
<test id="s1-t5" name="SampleLoginTest">
<kw name="Log" library="BuiltIn" type="setup">
<doc>Logs the given message with the given level.</doc>
<arguments>
<arg>I am inside Test Setup</arg>
</arguments>
<msg timestamp="20200526 17:22:24.677" level="INFO">I am inside Test Setup</msg>
<status status="PASS" starttime="20200526 17:22:24.677" endtime="20200526 17:22:24.678"></status>
</kw>
<kw name="Open Browser" library="SeleniumLibrary">
<doc>Opens a new browser instance to the optional ``url``.</doc>
<arguments>
<arg>${URL}</arg>
<arg>chrome</arg>
</arguments>
<msg timestamp="20200526 17:22:24.680" level="INFO">Opening browser 'chrome' to base url 'https://opensource-demo.orangehrmlive.com/'.</msg>
<status status="PASS" starttime="20200526 17:22:24.679" endtime="20200526 17:22:31.529"></status>
</kw>
<kw name="Set Browser Implicit Wait" library="SeleniumLibrary">
<doc>Sets the implicit wait value used by Selenium.</doc>
<arguments>
<arg>5</arg>
</arguments>
<status status="PASS" starttime="20200526 17:22:31.530" endtime="20200526 17:22:31.533"></status>
</kw>
<kw name="LoginKW">
<kw name="Input Text" library="SeleniumLibrary">
<doc>Types the given ``text`` into the text field identified by ``locator``.</doc>
<arguments>
<arg>id=txtUsername</arg>
<arg>${CREDENTIALS}[0]</arg>
</arguments>
<msg timestamp="20200526 17:22:31.536" level="INFO">Typing text 'Admin' into text field 'id=txtUsername'.</msg>
<status status="PASS" starttime="20200526 17:22:31.535" endtime="20200526 17:22:31.713"></status>
</kw>
<kw name="Input Password" library="SeleniumLibrary">
<doc>Types the given password into the text field identified by ``locator``.</doc>
<arguments>
<arg>id=txtPassword</arg>
<arg>${LOGINDATA}[password]</arg>
</arguments>
<msg timestamp="20200526 17:22:31.715" level="INFO">Typing password into text field 'id=txtPassword'.</msg>
<msg timestamp="20200526 17:22:31.796" level="INFO">Temporally setting log level to: NONE</msg>
<msg timestamp="20200526 17:22:31.897" level="INFO">Log level changed from NONE to INFO.</msg>
<status status="PASS" starttime="20200526 17:22:31.714" endtime="20200526 17:22:31.898"></status>
</kw>
<kw name="Click Button" library="SeleniumLibrary">
<doc>Clicks the button identified by ``locator``.</doc>
<arguments>
<arg>id=btnLogin</arg>
</arguments>
<msg timestamp="20200526 17:22:31.898" level="INFO">Clicking button 'id=btnLogin'.</msg>
<status status="PASS" starttime="20200526 17:22:31.898" endtime="20200526 17:22:37.659"></status>
</kw>
<status status="PASS" starttime="20200526 17:22:31.534" endtime="20200526 17:22:37.659"></status>
</kw>
<kw name="Click Element" library="SeleniumLibrary">
<doc>Click the element identified by ``locator``.</doc>
<arguments>
<arg>id=welcome</arg>
</arguments>
<msg timestamp="20200526 17:22:37.661" level="INFO">Clicking element 'id=welcome'.</msg>
<status status="PASS" starttime="20200526 17:22:37.660" endtime="20200526 17:22:37.794"></status>
</kw>
<kw name="Click Element" library="SeleniumLibrary">
<doc>Click the element identified by ``locator``.</doc>
<arguments>
<arg>link=Logout</arg>
</arguments>
<msg timestamp="20200526 17:22:37.795" level="INFO">Clicking element 'link=Logout'.</msg>
<kw name="Capture Page Screenshot" library="SeleniumLibrary">
<doc>Takes a screenshot of the current page and embeds it into a log file.</doc>
<msg timestamp="20200526 17:22:43.333" level="INFO" html="yes">&lt;/td&gt;&lt;/tr&gt;&lt;tr&gt;&lt;td colspan="3"&gt;&lt;a href="selenium-screenshot-2.png"&gt;&lt;img src="selenium-screenshot-2.png" width="800px"&gt;&lt;/a&gt;</msg>
<status status="PASS" starttime="20200526 17:22:42.905" endtime="20200526 17:22:43.334"></status>
</kw>
<msg timestamp="20200526 17:22:43.395" level="FAIL">Element with locator 'link=Logout' not found.</msg>
<status status="FAIL" starttime="20200526 17:22:37.795" endtime="20200526 17:22:43.395"></status>
</kw>
<kw name="Log" library="BuiltIn" type="teardown">
<doc>Logs the given message with the given level.</doc>
<arguments>
<arg>I am inside Test Teardown</arg>
</arguments>
<msg timestamp="20200526 17:22:43.397" level="INFO">I am inside Test Teardown</msg>
<status status="PASS" starttime="20200526 17:22:43.397" endtime="20200526 17:22:43.397"></status>
</kw>
<doc>This is sample login test</doc>
<tags>
<tag>sanity</tag>
</tags>
<status status="FAIL" starttime="20200526 17:22:24.674" endtime="20200526 17:22:43.398" critical="yes">Element with locator 'link=Logout' not found.</status>
</test>
<kw name="Log" library="BuiltIn" type="teardown">
<doc>Logs the given message with the given level.</doc>
<arguments>
<arg>I am inside Test Suite teardown</arg>
</arguments>
<msg timestamp="20200526 17:22:43.404" level="INFO">I am inside Test Suite teardown</msg>
<status status="PASS" starttime="20200526 17:22:43.403" endtime="20200526 17:22:43.404"></status>
</kw>
<status status="FAIL" starttime="20200526 17:22:00.227" endtime="20200526 17:22:43.404"></status>
</suite>
<statistics>
<total>
<stat pass="4" fail="1">Critical Tests</stat>
<stat pass="4" fail="1">All Tests</stat>
</total>
<tag>
<stat pass="3" fail="1">sanity</stat>
<stat pass="1" fail="0">Smoke</stat>
</tag>
<suite>
<stat pass="4" fail="1" id="s1" name="TestSuite1">TestSuite1</stat>
</suite>
</statistics>
<errors>
</errors>
</robot>
